     0>C:\Program Files (x86)\MSBuild\Microsoft.Cpp\v4.0\V120\Microsoft.Cpp.Platform.Redirect.10.props(23,3): warning MSB4011: "C:\Program Files (x86)\MSBuild\Microsoft.Cpp\v4.0\Platforms\Xbox 360\Microsoft.Cpp.Xbox 360.default.props" cannot be imported again. It was already imported at "C:\Program Files (x86)\MSBuild\Microsoft.Cpp\v4.0\V120\Microsoft.Cpp.Default.props (113,3)". This is most likely a build authoring error. This subsequent import will be ignored. [C:\Users\S7Clutch\Documents\Visual Studio 2010\Projects\The Saiyan Project\src\The Saiyan Project.vcxproj]
Build started 11/22/2015 3:11:00 PM.
     1>Project "C:\Users\S7Clutch\Documents\Visual Studio 2010\Projects\The Saiyan Project\src\The Saiyan Project.vcxproj" on node 2 (Build target(s)).
     1>ClCompile:
         C:\Program Files (x86)\Microsoft Xbox 360 SDK\bin\win32\CL.exe /c /Zi /nologo /W3 /WX- /Od /Ot /GL /D NDEBUG /D _XBOX /D LTCG /GF /Gm- /MT /GS- /Gy /fp:fast /fp:except- /Zc:wchar_t /Zc:forScope /GR- /openmp- /FA /Fa"Release_LTCG\\" /Fo"Release_LTCG\\" /Fd"Release_LTCG\vc100.pdb" /TP DllMain.cpp /FI"C:\Program Files (x86)\Microsoft Xbox 360 SDK\\include\xbox\xbox_intellisense_platform.h"
         DllMain.cpp
     1>c:\users\s7clutch\documents\visual studio 2010\projects\the saiyan project\src\ButtonMonitor.h(118): warning C4800: 'BYTE' : forcing value to bool 'true' or 'false' (performance warning)
     1>c:\users\s7clutch\documents\visual studio 2010\projects\the saiyan project\src\ButtonMonitor.h(121): warning C4800: 'BYTE' : forcing value to bool 'true' or 'false' (performance warning)
     1>c:\users\s7clutch\documents\visual studio 2010\projects\the saiyan project\src\Globals.h(1727): warning C4309: 'initializing' : truncation of constant value
     1>c:\users\s7clutch\documents\visual studio 2010\projects\the saiyan project\src\Globals.h(1727): warning C4369: 'None' : enumerator value '-3' cannot be represented as 'unsigned long', value is '4294967293'
     1>c:\users\s7clutch\documents\visual studio 2010\projects\the saiyan project\src\Globals.h(1728): warning C4309: 'initializing' : truncation of constant value
     1>c:\users\s7clutch\documents\visual studio 2010\projects\the saiyan project\src\Globals.h(1728): warning C4369: 'Any' : enumerator value '-2' cannot be represented as 'unsigned long', value is '4294967294'
     1>c:\users\s7clutch\documents\visual studio 2010\projects\the saiyan project\src\Globals.h(1729): warning C4309: 'initializing' : truncation of constant value
     1>c:\users\s7clutch\documents\visual studio 2010\projects\the saiyan project\src\Globals.h(1729): warning C4369: 'Driver' : enumerator value '-1' cannot be represented as 'unsigned long', value is '4294967295'
     1>DllMain.cpp(134): warning C4482: nonstandard extension used: enum '_WeaponCannon_Projectiles' used in qualified name
     1>DllMain.cpp(436): warning C4482: nonstandard extension used: enum '_Assets_Models' used in qualified name
     1>DllMain.cpp(436): warning C4482: nonstandard extension used: enum '_Assets_Models' used in qualified name
     1>DllMain.cpp(436): warning C4482: nonstandard extension used: enum '_Assets_Models' used in qualified name
     1>DllMain.cpp(436): warning C4482: nonstandard extension used: enum '_Assets_Models' used in qualified name
     1>DllMain.cpp(437): warning C4482: nonstandard extension used: enum '_Assets_Models' used in qualified name
     1>DllMain.cpp(437): warning C4482: nonstandard extension used: enum '_Assets_Models' used in qualified name
     1>DllMain.cpp(437): warning C4482: nonstandard extension used: enum '_Assets_Models' used in qualified name
     1>DllMain.cpp(437): warning C4482: nonstandard extension used: enum '_Assets_Models' used in qualified name
     1>DllMain.cpp(438): warning C4482: nonstandard extension used: enum '_Assets_Models' used in qualified name
     1>DllMain.cpp(438): warning C4482: nonstandard extension used: enum '_Assets_Models' used in qualified name
     1>DllMain.cpp(438): warning C4482: nonstandard extension used: enum '_Assets_Models' used in qualified name
     1>DllMain.cpp(438): warning C4482: nonstandard extension used: enum '_Assets_Models' used in qualified name
     1>DllMain.cpp(439): warning C4482: nonstandard extension used: enum '_Assets_Models' used in qualified name
     1>DllMain.cpp(439): warning C4482: nonstandard extension used: enum '_Assets_Models' used in qualified name
     1>DllMain.cpp(439): warning C4482: nonstandard extension used: enum '_Assets_Models' used in qualified name
     1>DllMain.cpp(439): warning C4482: nonstandard extension used: enum '_Assets_Models' used in qualified name
     1>DllMain.cpp(440): warning C4482: nonstandard extension used: enum '_Assets_Models' used in qualified name
     1>DllMain.cpp(440): warning C4482: nonstandard extension used: enum '_Assets_Models' used in qualified name
     1>DllMain.cpp(440): warning C4482: nonstandard extension used: enum '_Assets_Models' used in qualified name
     1>DllMain.cpp(440): warning C4482: nonstandard extension used: enum '_Assets_Models' used in qualified name
     1>DllMain.cpp(446): warning C4482: nonstandard extension used: enum '_Assets_Models' used in qualified name
     1>DllMain.cpp(446): warning C4482: nonstandard extension used: enum '_Assets_Models' used in qualified name
     1>DllMain.cpp(446): warning C4482: nonstandard extension used: enum '_Assets_Models' used in qualified name
     1>DllMain.cpp(446): warning C4482: nonstandard extension used: enum '_Assets_Models' used in qualified name
     1>DllMain.cpp(447): warning C4482: nonstandard extension used: enum '_Assets_Models' used in qualified name
     1>DllMain.cpp(447): warning C4482: nonstandard extension used: enum '_Assets_Models' used in qualified name
     1>DllMain.cpp(447): warning C4482: nonstandard extension used: enum '_Assets_Models' used in qualified name
     1>DllMain.cpp(447): warning C4482: nonstandard extension used: enum '_Assets_Models' used in qualified name
     1>DllMain.cpp(448): warning C4482: nonstandard extension used: enum '_Assets_Models' used in qualified name
     1>DllMain.cpp(448): warning C4482: nonstandard extension used: enum '_Assets_Models' used in qualified name
     1>DllMain.cpp(448): warning C4482: nonstandard extension used: enum '_Assets_Models' used in qualified name
     1>DllMain.cpp(448): warning C4482: nonstandard extension used: enum '_Assets_Models' used in qualified name
     1>DllMain.cpp(449): warning C4482: nonstandard extension used: enum '_Assets_Models' used in qualified name
     1>DllMain.cpp(449): warning C4482: nonstandard extension used: enum '_Assets_Models' used in qualified name
     1>DllMain.cpp(449): warning C4482: nonstandard extension used: enum '_Assets_Models' used in qualified name
     1>DllMain.cpp(449): warning C4482: nonstandard extension used: enum '_Assets_Models' used in qualified name
     1>DllMain.cpp(450): warning C4482: nonstandard extension used: enum '_Assets_Models' used in qualified name
     1>DllMain.cpp(450): warning C4482: nonstandard extension used: enum '_Assets_Models' used in qualified name
     1>DllMain.cpp(450): warning C4482: nonstandard extension used: enum '_Assets_Models' used in qualified name
     1>DllMain.cpp(450): warning C4482: nonstandard extension used: enum '_Assets_Models' used in qualified name
     1>DllMain.cpp(453): warning C4482: nonstandard extension used: enum '_Assets_Vehicles' used in qualified name
     1>DllMain.cpp(453): warning C4482: nonstandard extension used: enum '_Assets_Vehicles' used in qualified name
     1>DllMain.cpp(453): warning C4482: nonstandard extension used: enum '_Assets_Vehicles' used in qualified name
     1>DllMain.cpp(453): warning C4482: nonstandard extension used: enum '_Assets_Vehicles' used in qualified name
     1>DllMain.cpp(454): warning C4482: nonstandard extension used: enum '_Assets_Vehicles' used in qualified name
     1>DllMain.cpp(454): warning C4482: nonstandard extension used: enum '_Assets_Vehicles' used in qualified name
     1>DllMain.cpp(454): warning C4482: nonstandard extension used: enum '_Assets_Vehicles' used in qualified name
     1>DllMain.cpp(454): warning C4482: nonstandard extension used: enum '_Assets_Vehicles' used in qualified name
     1>DllMain.cpp(455): warning C4482: nonstandard extension used: enum '_Assets_Vehicles' used in qualified name
     1>DllMain.cpp(455): warning C4482: nonstandard extension used: enum '_Assets_Vehicles' used in qualified name
     1>DllMain.cpp(455): warning C4482: nonstandard extension used: enum '_Assets_Vehicles' used in qualified name
     1>DllMain.cpp(455): warning C4482: nonstandard extension used: enum '_Assets_Vehicles' used in qualified name
     1>DllMain.cpp(456): warning C4482: nonstandard extension used: enum '_Assets_Vehicles' used in qualified name
     1>DllMain.cpp(456): warning C4482: nonstandard extension used: enum '_Assets_Vehicles' used in qualified name
     1>DllMain.cpp(456): warning C4482: nonstandard extension used: enum '_Assets_Vehicles' used in qualified name
     1>DllMain.cpp(456): warning C4482: nonstandard extension used: enum '_Assets_Vehicles' used in qualified name
     1>DllMain.cpp(457): warning C4482: nonstandard extension used: enum '_Assets_Vehicles' used in qualified name
     1>DllMain.cpp(457): warning C4482: nonstandard extension used: enum '_Assets_Vehicles' used in qualified name
     1>DllMain.cpp(457): warning C4482: nonstandard extension used: enum '_Assets_Vehicles' used in qualified name
     1>DllMain.cpp(457): warning C4482: nonstandard extension used: enum '_Assets_Vehicles' used in qualified name
     1>DllMain.cpp(458): warning C4482: nonstandard extension used: enum '_Assets_Vehicles' used in qualified name
     1>DllMain.cpp(458): warning C4482: nonstandard extension used: enum '_Assets_Vehicles' used in qualified name
     1>DllMain.cpp(458): warning C4482: nonstandard extension used: enum '_Assets_Vehicles' used in qualified name
     1>DllMain.cpp(458): warning C4482: nonstandard extension used: enum '_Assets_Vehicles' used in qualified name
     1>DllMain.cpp(459): warning C4482: nonstandard extension used: enum '_Assets_Vehicles' used in qualified name
     1>DllMain.cpp(459): warning C4482: nonstandard extension used: enum '_Assets_Vehicles' used in qualified name
     1>DllMain.cpp(459): warning C4482: nonstandard extension used: enum '_Assets_Vehicles' used in qualified name
     1>DllMain.cpp(459): warning C4482: nonstandard extension used: enum '_Assets_Vehicles' used in qualified name
     1>DllMain.cpp(460): warning C4482: nonstandard extension used: enum '_Assets_Vehicles' used in qualified name
     1>DllMain.cpp(460): warning C4482: nonstandard extension used: enum '_Assets_Vehicles' used in qualified name
     1>DllMain.cpp(460): warning C4482: nonstandard extension used: enum '_Assets_Vehicles' used in qualified name
     1>DllMain.cpp(460): warning C4482: nonstandard extension used: enum '_Assets_Vehicles' used in qualified name
     1>DllMain.cpp(461): warning C4482: nonstandard extension used: enum '_Assets_Vehicles' used in qualified name
     1>DllMain.cpp(461): warning C4482: nonstandard extension used: enum '_Assets_Vehicles' used in qualified name
     1>DllMain.cpp(461): warning C4482: nonstandard extension used: enum '_Assets_Vehicles' used in qualified name
     1>DllMain.cpp(461): warning C4482: nonstandard extension used: enum '_Assets_Vehicles' used in qualified name
     1>DllMain.cpp(462): warning C4482: nonstandard extension used: enum '_Assets_Vehicles' used in qualified name
     1>DllMain.cpp(462): warning C4482: nonstandard extension used: enum '_Assets_Vehicles' used in qualified name
     1>DllMain.cpp(462): warning C4482: nonstandard extension used: enum '_Assets_Vehicles' used in qualified name
     1>DllMain.cpp(462): warning C4482: nonstandard extension used: enum '_Assets_Vehicles' used in qualified name
     1>DllMain.cpp(463): warning C4482: nonstandard extension used: enum '_Assets_Vehicles' used in qualified name
     1>DllMain.cpp(463): warning C4482: nonstandard extension used: enum '_Assets_Vehicles' used in qualified name
     1>DllMain.cpp(463): warning C4482: nonstandard extension used: enum '_Assets_Vehicles' used in qualified name
     1>DllMain.cpp(463): warning C4482: nonstandard extension used: enum '_Assets_Vehicles' used in qualified name
     1>DllMain.cpp(464): warning C4482: nonstandard extension used: enum '_Assets_Vehicles' used in qualified name
     1>DllMain.cpp(464): warning C4482: nonstandard extension used: enum '_Assets_Vehicles' used in qualified name
     1>DllMain.cpp(464): warning C4482: nonstandard extension used: enum '_Assets_Vehicles' used in qualified name
     1>DllMain.cpp(464): warning C4482: nonstandard extension used: enum '_Assets_Vehicles' used in qualified name
     1>DllMain.cpp(465): warning C4482: nonstandard extension used: enum '_Assets_Vehicles' used in qualified name
     1>DllMain.cpp(465): warning C4482: nonstandard extension used: enum '_Assets_Vehicles' used in qualified name
     1>DllMain.cpp(465): warning C4482: nonstandard extension used: enum '_Assets_Vehicles' used in qualified name
     1>DllMain.cpp(465): warning C4482: nonstandard extension used: enum '_Assets_Vehicles' used in qualified name
     1>DllMain.cpp(466): warning C4482: nonstandard extension used: enum '_Assets_Vehicles' used in qualified name
     1>DllMain.cpp(466): warning C4482: nonstandard extension used: enum '_Assets_Vehicles' used in qualified name
     1>DllMain.cpp(466): warning C4482: nonstandard extension used: enum '_Assets_Vehicles' used in qualified name
     1>DllMain.cpp(466): warning C4482: nonstandard extension used: enum '_Assets_Vehicles' used in qualified name
     1>DllMain.cpp(467): warning C4482: nonstandard extension used: enum '_Assets_Vehicles' used in qualified name
     1>DllMain.cpp(467): warning C4482: nonstandard extension used: enum '_Assets_Vehicles' used in qualified name
     1>DllMain.cpp(467): warning C4482: nonstandard extension used: enum '_Assets_Vehicles' used in qualified name
     1>DllMain.cpp(467): warning C4482: nonstandard extension used: enum '_Assets_Vehicles' used in qualified name
     1>DllMain.cpp(468): warning C4482: nonstandard extension used: enum '_Assets_Vehicles' used in qualified name
     1>DllMain.cpp(468): warning C4482: nonstandard extension used: enum '_Assets_Vehicles' used in qualified name
     1>DllMain.cpp(468): warning C4482: nonstandard extension used: enum '_Assets_Vehicles' used in qualified name
     1>DllMain.cpp(468): warning C4482: nonstandard extension used: enum '_Assets_Vehicles' used in qualified name
     1>DllMain.cpp(469): warning C4482: nonstandard extension used: enum '_Assets_Vehicles' used in qualified name
     1>DllMain.cpp(469): warning C4482: nonstandard extension used: enum '_Assets_Vehicles' used in qualified name
     1>DllMain.cpp(469): warning C4482: nonstandard extension used: enum '_Assets_Vehicles' used in qualified name
     1>DllMain.cpp(469): warning C4482: nonstandard extension used: enum '_Assets_Vehicles' used in qualified name
     1>DllMain.cpp(470): warning C4482: nonstandard extension used: enum '_Assets_Vehicles' used in qualified name
     1>DllMain.cpp(470): warning C4482: nonstandard extension used: enum '_Assets_Vehicles' used in qualified name
     1>DllMain.cpp(470): warning C4482: nonstandard extension used: enum '_Assets_Vehicles' used in qualified name
     1>DllMain.cpp(470): warning C4482: nonstandard extension used: enum '_Assets_Vehicles' used in qualified name
     1>DllMain.cpp(471): warning C4482: nonstandard extension used: enum '_Assets_Vehicles' used in qualified name
     1>DllMain.cpp(471): warning C4482: nonstandard extension used: enum '_Assets_Vehicles' used in qualified name
     1>DllMain.cpp(471): warning C4482: nonstandard extension used: enum '_Assets_Vehicles' used in qualified name
     1>DllMain.cpp(471): warning C4482: nonstandard extension used: enum '_Assets_Vehicles' used in qualified name
     1>DllMain.cpp(472): warning C4482: nonstandard extension used: enum '_Assets_Vehicles' used in qualified name
     1>DllMain.cpp(472): warning C4482: nonstandard extension used: enum '_Assets_Vehicles' used in qualified name
     1>DllMain.cpp(472): warning C4482: nonstandard extension used: enum '_Assets_Vehicles' used in qualified name
     1>DllMain.cpp(472): warning C4482: nonstandard extension used: enum '_Assets_Vehicles' used in qualified name
     1>DllMain.cpp(473): warning C4482: nonstandard extension used: enum '_Assets_Vehicles' used in qualified name
     1>DllMain.cpp(473): warning C4482: nonstandard extension used: enum '_Assets_Vehicles' used in qualified name
     1>DllMain.cpp(473): warning C4482: nonstandard extension used: enum '_Assets_Vehicles' used in qualified name
     1>DllMain.cpp(473): warning C4482: nonstandard extension used: enum '_Assets_Vehicles' used in qualified name
     1>DllMain.cpp(474): warning C4482: nonstandard extension used: enum '_Assets_Vehicles' used in qualified name
     1>DllMain.cpp(474): warning C4482: nonstandard extension used: enum '_Assets_Vehicles' used in qualified name
     1>DllMain.cpp(474): warning C4482: nonstandard extension used: enum '_Assets_Vehicles' used in qualified name
     1>DllMain.cpp(474): warning C4482: nonstandard extension used: enum '_Assets_Vehicles' used in qualified name
     1>DllMain.cpp(475): warning C4482: nonstandard extension used: enum '_Assets_Vehicles' used in qualified name
     1>DllMain.cpp(475): warning C4482: nonstandard extension used: enum '_Assets_Vehicles' used in qualified name
     1>DllMain.cpp(475): warning C4482: nonstandard extension used: enum '_Assets_Vehicles' used in qualified name
     1>DllMain.cpp(475): warning C4482: nonstandard extension used: enum '_Assets_Vehicles' used in qualified name
     1>DllMain.cpp(476): warning C4482: nonstandard extension used: enum '_Assets_Vehicles' used in qualified name
     1>DllMain.cpp(476): warning C4482: nonstandard extension used: enum '_Assets_Vehicles' used in qualified name
     1>DllMain.cpp(476): warning C4482: nonstandard extension used: enum '_Assets_Vehicles' used in qualified name
     1>DllMain.cpp(476): warning C4482: nonstandard extension used: enum '_Assets_Vehicles' used in qualified name
     1>DllMain.cpp(477): warning C4482: nonstandard extension used: enum '_Assets_Vehicles' used in qualified name
     1>DllMain.cpp(477): warning C4482: nonstandard extension used: enum '_Assets_Vehicles' used in qualified name
     1>DllMain.cpp(477): warning C4482: nonstandard extension used: enum '_Assets_Vehicles' used in qualified name
     1>DllMain.cpp(477): warning C4482: nonstandard extension used: enum '_Assets_Vehicles' used in qualified name
     1>DllMain.cpp(478): warning C4482: nonstandard extension used: enum '_Assets_Vehicles' used in qualified name
     1>DllMain.cpp(478): warning C4482: nonstandard extension used: enum '_Assets_Vehicles' used in qualified name
     1>DllMain.cpp(478): warning C4482: nonstandard extension used: enum '_Assets_Vehicles' used in qualified name
     1>DllMain.cpp(478): warning C4482: nonstandard extension used: enum '_Assets_Vehicles' used in qualified name
     1>DllMain.cpp(479): warning C4482: nonstandard extension used: enum '_Assets_Vehicles' used in qualified name
     1>DllMain.cpp(479): warning C4482: nonstandard extension used: enum '_Assets_Vehicles' used in qualified name
     1>DllMain.cpp(479): warning C4482: nonstandard extension used: enum '_Assets_Vehicles' used in qualified name
     1>DllMain.cpp(479): warning C4482: nonstandard extension used: enum '_Assets_Vehicles' used in qualified name
     1>DllMain.cpp(480): warning C4482: nonstandard extension used: enum '_Assets_Vehicles' used in qualified name
     1>DllMain.cpp(480): warning C4482: nonstandard extension used: enum '_Assets_Vehicles' used in qualified name
     1>DllMain.cpp(480): warning C4482: nonstandard extension used: enum '_Assets_Vehicles' used in qualified name
     1>DllMain.cpp(480): warning C4482: nonstandard extension used: enum '_Assets_Vehicles' used in qualified name
     1>DllMain.cpp(481): warning C4482: nonstandard extension used: enum '_Assets_Vehicles' used in qualified name
     1>DllMain.cpp(481): warning C4482: nonstandard extension used: enum '_Assets_Vehicles' used in qualified name
     1>DllMain.cpp(481): warning C4482: nonstandard extension used: enum '_Assets_Vehicles' used in qualified name
     1>DllMain.cpp(481): warning C4482: nonstandard extension used: enum '_Assets_Vehicles' used in qualified name
     1>DllMain.cpp(482): warning C4482: nonstandard extension used: enum '_Assets_Vehicles' used in qualified name
     1>DllMain.cpp(482): warning C4482: nonstandard extension used: enum '_Assets_Vehicles' used in qualified name
     1>DllMain.cpp(482): warning C4482: nonstandard extension used: enum '_Assets_Vehicles' used in qualified name
     1>DllMain.cpp(482): warning C4482: nonstandard extension used: enum '_Assets_Vehicles' used in qualified name
     1>DllMain.cpp(483): warning C4482: nonstandard extension used: enum '_Assets_Vehicles' used in qualified name
     1>DllMain.cpp(483): warning C4482: nonstandard extension used: enum '_Assets_Vehicles' used in qualified name
     1>DllMain.cpp(483): warning C4482: nonstandard extension used: enum '_Assets_Vehicles' used in qualified name
     1>DllMain.cpp(483): warning C4482: nonstandard extension used: enum '_Assets_Vehicles' used in qualified name
     1>DllMain.cpp(484): warning C4482: nonstandard extension used: enum '_Assets_Vehicles' used in qualified name
     1>DllMain.cpp(484): warning C4482: nonstandard extension used: enum '_Assets_Vehicles' used in qualified name
     1>DllMain.cpp(484): warning C4482: nonstandard extension used: enum '_Assets_Vehicles' used in qualified name
     1>DllMain.cpp(484): warning C4482: nonstandard extension used: enum '_Assets_Vehicles' used in qualified name
     1>DllMain.cpp(485): warning C4482: nonstandard extension used: enum '_Assets_Vehicles' used in qualified name
     1>DllMain.cpp(485): warning C4482: nonstandard extension used: enum '_Assets_Vehicles' used in qualified name
     1>DllMain.cpp(485): warning C4482: nonstandard extension used: enum '_Assets_Vehicles' used in qualified name
     1>DllMain.cpp(485): warning C4482: nonstandard extension used: enum '_Assets_Vehicles' used in qualified name
     1>DllMain.cpp(486): warning C4482: nonstandard extension used: enum '_Assets_Vehicles' used in qualified name
     1>DllMain.cpp(486): warning C4482: nonstandard extension used: enum '_Assets_Vehicles' used in qualified name
     1>DllMain.cpp(486): warning C4482: nonstandard extension used: enum '_Assets_Vehicles' used in qualified name
     1>DllMain.cpp(486): warning C4482: nonstandard extension used: enum '_Assets_Vehicles' used in qualified name
     1>DllMain.cpp(487): warning C4482: nonstandard extension used: enum '_Assets_Vehicles' used in qualified name
     1>DllMain.cpp(487): warning C4482: nonstandard extension used: enum '_Assets_Vehicles' used in qualified name
     1>DllMain.cpp(487): warning C4482: nonstandard extension used: enum '_Assets_Vehicles' used in qualified name
     1>DllMain.cpp(487): warning C4482: nonstandard extension used: enum '_Assets_Vehicles' used in qualified name
     1>DllMain.cpp(488): warning C4482: nonstandard extension used: enum '_Assets_Vehicles' used in qualified name
     1>DllMain.cpp(488): warning C4482: nonstandard extension used: enum '_Assets_Vehicles' used in qualified name
     1>DllMain.cpp(488): warning C4482: nonstandard extension used: enum '_Assets_Vehicles' used in qualified name
     1>DllMain.cpp(488): warning C4482: nonstandard extension used: enum '_Assets_Vehicles' used in qualified name
     1>DllMain.cpp(489): warning C4482: nonstandard extension used: enum '_Assets_Vehicles' used in qualified name
     1>DllMain.cpp(489): warning C4482: nonstandard extension used: enum '_Assets_Vehicles' used in qualified name
     1>DllMain.cpp(489): warning C4482: nonstandard extension used: enum '_Assets_Vehicles' used in qualified name
     1>DllMain.cpp(489): warning C4482: nonstandard extension used: enum '_Assets_Vehicles' used in qualified name
     1>DllMain.cpp(490): warning C4482: nonstandard extension used: enum '_Assets_Vehicles' used in qualified name
     1>DllMain.cpp(490): warning C4482: nonstandard extension used: enum '_Assets_Vehicles' used in qualified name
     1>DllMain.cpp(490): warning C4482: nonstandard extension used: enum '_Assets_Vehicles' used in qualified name
     1>DllMain.cpp(490): warning C4482: nonstandard extension used: enum '_Assets_Vehicles' used in qualified name
     1>DllMain.cpp(491): warning C4482: nonstandard extension used: enum '_Assets_Vehicles' used in qualified name
     1>DllMain.cpp(491): warning C4482: nonstandard extension used: enum '_Assets_Vehicles' used in qualified name
     1>DllMain.cpp(491): warning C4482: nonstandard extension used: enum '_Assets_Vehicles' used in qualified name
     1>DllMain.cpp(491): warning C4482: nonstandard extension used: enum '_Assets_Vehicles' used in qualified name
     1>DllMain.cpp(492): warning C4482: nonstandard extension used: enum '_Assets_Vehicles' used in qualified name
     1>DllMain.cpp(492): warning C4482: nonstandard extension used: enum '_Assets_Vehicles' used in qualified name
     1>DllMain.cpp(492): warning C4482: nonstandard extension used: enum '_Assets_Vehicles' used in qualified name
     1>DllMain.cpp(492): warning C4482: nonstandard extension used: enum '_Assets_Vehicles' used in qualified name
     1>DllMain.cpp(493): warning C4482: nonstandard extension used: enum '_Assets_Vehicles' used in qualified name
     1>DllMain.cpp(493): warning C4482: nonstandard extension used: enum '_Assets_Vehicles' used in qualified name
     1>DllMain.cpp(493): warning C4482: nonstandard extension used: enum '_Assets_Vehicles' used in qualified name
     1>DllMain.cpp(493): warning C4482: nonstandard extension used: enum '_Assets_Vehicles' used in qualified name
     1>DllMain.cpp(494): warning C4482: nonstandard extension used: enum '_Assets_Vehicles' used in qualified name
     1>DllMain.cpp(494): warning C4482: nonstandard extension used: enum '_Assets_Vehicles' used in qualified name
     1>DllMain.cpp(494): warning C4482: nonstandard extension used: enum '_Assets_Vehicles' used in qualified name
     1>DllMain.cpp(494): warning C4482: nonstandard extension used: enum '_Assets_Vehicles' used in qualified name
     1>DllMain.cpp(495): warning C4482: nonstandard extension used: enum '_Assets_Vehicles' used in qualified name
     1>DllMain.cpp(495): warning C4482: nonstandard extension used: enum '_Assets_Vehicles' used in qualified name
     1>DllMain.cpp(495): warning C4482: nonstandard extension used: enum '_Assets_Vehicles' used in qualified name
     1>DllMain.cpp(495): warning C4482: nonstandard extension used: enum '_Assets_Vehicles' used in qualified name
     1>DllMain.cpp(496): warning C4482: nonstandard extension used: enum '_Assets_Vehicles' used in qualified name
     1>DllMain.cpp(496): warning C4482: nonstandard extension used: enum '_Assets_Vehicles' used in qualified name
     1>DllMain.cpp(496): warning C4482: nonstandard extension used: enum '_Assets_Vehicles' used in qualified name
     1>DllMain.cpp(496): warning C4482: nonstandard extension used: enum '_Assets_Vehicles' used in qualified name
     1>DllMain.cpp(497): warning C4482: nonstandard extension used: enum '_Assets_Vehicles' used in qualified name
     1>DllMain.cpp(497): warning C4482: nonstandard extension used: enum '_Assets_Vehicles' used in qualified name
     1>DllMain.cpp(497): warning C4482: nonstandard extension used: enum '_Assets_Vehicles' used in qualified name
     1>DllMain.cpp(497): warning C4482: nonstandard extension used: enum '_Assets_Vehicles' used in qualified name
     1>DllMain.cpp(498): warning C4482: nonstandard extension used: enum '_Assets_Vehicles' used in qualified name
     1>DllMain.cpp(498): warning C4482: nonstandard extension used: enum '_Assets_Vehicles' used in qualified name
     1>DllMain.cpp(498): warning C4482: nonstandard extension used: enum '_Assets_Vehicles' used in qualified name
     1>DllMain.cpp(498): warning C4482: nonstandard extension used: enum '_Assets_Vehicles' used in qualified name
     1>DllMain.cpp(499): warning C4482: nonstandard extension used: enum '_Assets_Vehicles' used in qualified name
     1>DllMain.cpp(499): warning C4482: nonstandard extension used: enum '_Assets_Vehicles' used in qualified name
     1>DllMain.cpp(499): warning C4482: nonstandard extension used: enum '_Assets_Vehicles' used in qualified name
     1>DllMain.cpp(499): warning C4482: nonstandard extension used: enum '_Assets_Vehicles' used in qualified name
     1>DllMain.cpp(500): warning C4482: nonstandard extension used: enum '_Assets_Vehicles' used in qualified name
     1>DllMain.cpp(500): warning C4482: nonstandard extension used: enum '_Assets_Vehicles' used in qualified name
     1>DllMain.cpp(500): warning C4482: nonstandard extension used: enum '_Assets_Vehicles' used in qualified name
     1>DllMain.cpp(500): warning C4482: nonstandard extension used: enum '_Assets_Vehicles' used in qualified name
     1>DllMain.cpp(501): warning C4482: nonstandard extension used: enum '_Assets_Vehicles' used in qualified name
     1>DllMain.cpp(501): warning C4482: nonstandard extension used: enum '_Assets_Vehicles' used in qualified name
     1>DllMain.cpp(501): warning C4482: nonstandard extension used: enum '_Assets_Vehicles' used in qualified name
     1>DllMain.cpp(501): warning C4482: nonstandard extension used: enum '_Assets_Vehicles' used in qualified name
     1>DllMain.cpp(502): warning C4482: nonstandard extension used: enum '_Assets_Vehicles' used in qualified name
     1>DllMain.cpp(502): warning C4482: nonstandard extension used: enum '_Assets_Vehicles' used in qualified name
     1>DllMain.cpp(502): warning C4482: nonstandard extension used: enum '_Assets_Vehicles' used in qualified name
     1>DllMain.cpp(502): warning C4482: nonstandard extension used: enum '_Assets_Vehicles' used in qualified name
     1>DllMain.cpp(503): warning C4482: nonstandard extension used: enum '_Assets_Vehicles' used in qualified name
     1>DllMain.cpp(503): warning C4482: nonstandard extension used: enum '_Assets_Vehicles' used in qualified name
     1>DllMain.cpp(503): warning C4482: nonstandard extension used: enum '_Assets_Vehicles' used in qualified name
     1>DllMain.cpp(503): warning C4482: nonstandard extension used: enum '_Assets_Vehicles' used in qualified name
     1>DllMain.cpp(504): warning C4482: nonstandard extension used: enum '_Assets_Vehicles' used in qualified name
     1>DllMain.cpp(504): warning C4482: nonstandard extension used: enum '_Assets_Vehicles' used in qualified name
     1>DllMain.cpp(504): warning C4482: nonstandard extension used: enum '_Assets_Vehicles' used in qualified name
     1>DllMain.cpp(504): warning C4482: nonstandard extension used: enum '_Assets_Vehicles' used in qualified name
     1>DllMain.cpp(505): warning C4482: nonstandard extension used: enum '_Assets_Vehicles' used in qualified name
     1>DllMain.cpp(505): warning C4482: nonstandard extension used: enum '_Assets_Vehicles' used in qualified name
     1>DllMain.cpp(505): warning C4482: nonstandard extension used: enum '_Assets_Vehicles' used in qualified name
     1>DllMain.cpp(505): warning C4482: nonstandard extension used: enum '_Assets_Vehicles' used in qualified name
     1>DllMain.cpp(506): warning C4482: nonstandard extension used: enum '_Assets_Vehicles' used in qualified name
     1>DllMain.cpp(506): warning C4482: nonstandard extension used: enum '_Assets_Vehicles' used in qualified name
     1>DllMain.cpp(506): warning C4482: nonstandard extension used: enum '_Assets_Vehicles' used in qualified name
     1>DllMain.cpp(506): warning C4482: nonstandard extension used: enum '_Assets_Vehicles' used in qualified name
     1>DllMain.cpp(507): warning C4482: nonstandard extension used: enum '_Assets_Vehicles' used in qualified name
     1>DllMain.cpp(507): warning C4482: nonstandard extension used: enum '_Assets_Vehicles' used in qualified name
     1>DllMain.cpp(507): warning C4482: nonstandard extension used: enum '_Assets_Vehicles' used in qualified name
     1>DllMain.cpp(507): warning C4482: nonstandard extension used: enum '_Assets_Vehicles' used in qualified name
     1>DllMain.cpp(508): warning C4482: nonstandard extension used: enum '_Assets_Vehicles' used in qualified name
     1>DllMain.cpp(508): warning C4482: nonstandard extension used: enum '_Assets_Vehicles' used in qualified name
     1>DllMain.cpp(508): warning C4482: nonstandard extension used: enum '_Assets_Vehicles' used in qualified name
     1>DllMain.cpp(508): warning C4482: nonstandard extension used: enum '_Assets_Vehicles' used in qualified name
     1>DllMain.cpp(509): warning C4482: nonstandard extension used: enum '_Assets_Vehicles' used in qualified name
     1>DllMain.cpp(509): warning C4482: nonstandard extension used: enum '_Assets_Vehicles' used in qualified name
     1>DllMain.cpp(509): warning C4482: nonstandard extension used: enum '_Assets_Vehicles' used in qualified name
     1>DllMain.cpp(509): warning C4482: nonstandard extension used: enum '_Assets_Vehicles' used in qualified name
     1>DllMain.cpp(510): warning C4482: nonstandard extension used: enum '_Assets_Vehicles' used in qualified name
     1>DllMain.cpp(510): warning C4482: nonstandard extension used: enum '_Assets_Vehicles' used in qualified name
     1>DllMain.cpp(510): warning C4482: nonstandard extension used: enum '_Assets_Vehicles' used in qualified name
     1>DllMain.cpp(510): warning C4482: nonstandard extension used: enum '_Assets_Vehicles' used in qualified name
     1>DllMain.cpp(511): warning C4482: nonstandard extension used: enum '_Assets_Vehicles' used in qualified name
     1>DllMain.cpp(511): warning C4482: nonstandard extension used: enum '_Assets_Vehicles' used in qualified name
     1>DllMain.cpp(511): warning C4482: nonstandard extension used: enum '_Assets_Vehicles' used in qualified name
     1>DllMain.cpp(511): warning C4482: nonstandard extension used: enum '_Assets_Vehicles' used in qualified name
     1>DllMain.cpp(512): warning C4482: nonstandard extension used: enum '_Assets_Vehicles' used in qualified name
     1>DllMain.cpp(512): warning C4482: nonstandard extension used: enum '_Assets_Vehicles' used in qualified name
     1>DllMain.cpp(512): warning C4482: nonstandard extension used: enum '_Assets_Vehicles' used in qualified name
     1>DllMain.cpp(512): warning C4482: nonstandard extension used: enum '_Assets_Vehicles' used in qualified name
     1>DllMain.cpp(513): warning C4482: nonstandard extension used: enum '_Assets_Vehicles' used in qualified name
     1>DllMain.cpp(513): warning C4482: nonstandard extension used: enum '_Assets_Vehicles' used in qualified name
     1>DllMain.cpp(513): warning C4482: nonstandard extension used: enum '_Assets_Vehicles' used in qualified name
     1>DllMain.cpp(513): warning C4482: nonstandard extension used: enum '_Assets_Vehicles' used in qualified name
     1>DllMain.cpp(514): warning C4482: nonstandard extension used: enum '_Assets_Vehicles' used in qualified name
     1>DllMain.cpp(514): warning C4482: nonstandard extension used: enum '_Assets_Vehicles' used in qualified name
     1>DllMain.cpp(514): warning C4482: nonstandard extension used: enum '_Assets_Vehicles' used in qualified name
     1>DllMain.cpp(514): warning C4482: nonstandard extension used: enum '_Assets_Vehicles' used in qualified name
     1>DllMain.cpp(515): warning C4482: nonstandard extension used: enum '_Assets_Vehicles' used in qualified name
     1>DllMain.cpp(515): warning C4482: nonstandard extension used: enum '_Assets_Vehicles' used in qualified name
     1>DllMain.cpp(515): warning C4482: nonstandard extension used: enum '_Assets_Vehicles' used in qualified name
     1>DllMain.cpp(515): warning C4482: nonstandard extension used: enum '_Assets_Vehicles' used in qualified name
     1>DllMain.cpp(516): warning C4482: nonstandard extension used: enum '_Assets_Vehicles' used in qualified name
     1>DllMain.cpp(516): warning C4482: nonstandard extension used: enum '_Assets_Vehicles' used in qualified name
     1>DllMain.cpp(516): warning C4482: nonstandard extension used: enum '_Assets_Vehicles' used in qualified name
     1>DllMain.cpp(516): warning C4482: nonstandard extension used: enum '_Assets_Vehicles' used in qualified name
     1>DllMain.cpp(517): warning C4482: nonstandard extension used: enum '_Assets_Vehicles' used in qualified name
     1>DllMain.cpp(517): warning C4482: nonstandard extension used: enum '_Assets_Vehicles' used in qualified name
     1>DllMain.cpp(517): warning C4482: nonstandard extension used: enum '_Assets_Vehicles' used in qualified name
     1>DllMain.cpp(517): warning C4482: nonstandard extension used: enum '_Assets_Vehicles' used in qualified name
     1>DllMain.cpp(518): warning C4482: nonstandard extension used: enum '_Assets_Vehicles' used in qualified name
     1>DllMain.cpp(518): warning C4482: nonstandard extension used: enum '_Assets_Vehicles' used in qualified name
     1>DllMain.cpp(518): warning C4482: nonstandard extension used: enum '_Assets_Vehicles' used in qualified name
     1>DllMain.cpp(518): warning C4482: nonstandard extension used: enum '_Assets_Vehicles' used in qualified name
     1>DllMain.cpp(519): warning C4482: nonstandard extension used: enum '_Assets_Vehicles' used in qualified name
     1>DllMain.cpp(519): warning C4482: nonstandard extension used: enum '_Assets_Vehicles' used in qualified name
     1>DllMain.cpp(519): warning C4482: nonstandard extension used: enum '_Assets_Vehicles' used in qualified name
     1>DllMain.cpp(519): warning C4482: nonstandard extension used: enum '_Assets_Vehicles' used in qualified name
     1>DllMain.cpp(520): warning C4482: nonstandard extension used: enum '_Assets_Vehicles' used in qualified name
     1>DllMain.cpp(520): warning C4482: nonstandard extension used: enum '_Assets_Vehicles' used in qualified name
     1>DllMain.cpp(520): warning C4482: nonstandard extension used: enum '_Assets_Vehicles' used in qualified name
     1>DllMain.cpp(520): warning C4482: nonstandard extension used: enum '_Assets_Vehicles' used in qualified name
     1>DllMain.cpp(521): warning C4482: nonstandard extension used: enum '_Assets_Vehicles' used in qualified name
     1>DllMain.cpp(521): warning C4482: nonstandard extension used: enum '_Assets_Vehicles' used in qualified name
     1>DllMain.cpp(521): warning C4482: nonstandard extension used: enum '_Assets_Vehicles' used in qualified name
     1>DllMain.cpp(521): warning C4482: nonstandard extension used: enum '_Assets_Vehicles' used in qualified name
     1>DllMain.cpp(522): warning C4482: nonstandard extension used: enum '_Assets_Vehicles' used in qualified name
     1>DllMain.cpp(522): warning C4482: nonstandard extension used: enum '_Assets_Vehicles' used in qualified name
     1>DllMain.cpp(522): warning C4482: nonstandard extension used: enum '_Assets_Vehicles' used in qualified name
     1>DllMain.cpp(522): warning C4482: nonstandard extension used: enum '_Assets_Vehicles' used in qualified name
     1>DllMain.cpp(523): warning C4482: nonstandard extension used: enum '_Assets_Vehicles' used in qualified name
     1>DllMain.cpp(523): warning C4482: nonstandard extension used: enum '_Assets_Vehicles' used in qualified name
     1>DllMain.cpp(523): warning C4482: nonstandard extension used: enum '_Assets_Vehicles' used in qualified name
     1>DllMain.cpp(523): warning C4482: nonstandard extension used: enum '_Assets_Vehicles' used in qualified name
     1>DllMain.cpp(524): warning C4482: nonstandard extension used: enum '_Assets_Vehicles' used in qualified name
     1>DllMain.cpp(524): warning C4482: nonstandard extension used: enum '_Assets_Vehicles' used in qualified name
     1>DllMain.cpp(524): warning C4482: nonstandard extension used: enum '_Assets_Vehicles' used in qualified name
     1>DllMain.cpp(524): warning C4482: nonstandard extension used: enum '_Assets_Vehicles' used in qualified name
     1>DllMain.cpp(525): warning C4482: nonstandard extension used: enum '_Assets_Vehicles' used in qualified name
     1>DllMain.cpp(525): warning C4482: nonstandard extension used: enum '_Assets_Vehicles' used in qualified name
     1>DllMain.cpp(525): warning C4482: nonstandard extension used: enum '_Assets_Vehicles' used in qualified name
     1>DllMain.cpp(525): warning C4482: nonstandard extension used: enum '_Assets_Vehicles' used in qualified name
     1>DllMain.cpp(526): warning C4482: nonstandard extension used: enum '_Assets_Vehicles' used in qualified name
     1>DllMain.cpp(526): warning C4482: nonstandard extension used: enum '_Assets_Vehicles' used in qualified name
     1>DllMain.cpp(526): warning C4482: nonstandard extension used: enum '_Assets_Vehicles' used in qualified name
     1>DllMain.cpp(526): warning C4482: nonstandard extension used: enum '_Assets_Vehicles' used in qualified name
     1>DllMain.cpp(527): warning C4482: nonstandard extension used: enum '_Assets_Vehicles' used in qualified name
     1>DllMain.cpp(527): warning C4482: nonstandard extension used: enum '_Assets_Vehicles' used in qualified name
     1>DllMain.cpp(527): warning C4482: nonstandard extension used: enum '_Assets_Vehicles' used in qualified name
     1>DllMain.cpp(527): warning C4482: nonstandard extension used: enum '_Assets_Vehicles' used in qualified name
     1>DllMain.cpp(528): warning C4482: nonstandard extension used: enum '_Assets_Vehicles' used in qualified name
     1>DllMain.cpp(528): warning C4482: nonstandard extension used: enum '_Assets_Vehicles' used in qualified name
     1>DllMain.cpp(528): warning C4482: nonstandard extension used: enum '_Assets_Vehicles' used in qualified name
     1>DllMain.cpp(528): warning C4482: nonstandard extension used: enum '_Assets_Vehicles' used in qualified name
     1>DllMain.cpp(529): warning C4482: nonstandard extension used: enum '_Assets_Vehicles' used in qualified name
     1>DllMain.cpp(529): warning C4482: nonstandard extension used: enum '_Assets_Vehicles' used in qualified name
     1>DllMain.cpp(529): warning C4482: nonstandard extension used: enum '_Assets_Vehicles' used in qualified name
     1>DllMain.cpp(529): warning C4482: nonstandard extension used: enum '_Assets_Vehicles' used in qualified name
     1>DllMain.cpp(530): warning C4482: nonstandard extension used: enum '_Assets_Vehicles' used in qualified name
     1>DllMain.cpp(530): warning C4482: nonstandard extension used: enum '_Assets_Vehicles' used in qualified name
     1>DllMain.cpp(530): warning C4482: nonstandard extension used: enum '_Assets_Vehicles' used in qualified name
     1>DllMain.cpp(530): warning C4482: nonstandard extension used: enum '_Assets_Vehicles' used in qualified name
     1>DllMain.cpp(531): warning C4482: nonstandard extension used: enum '_Assets_Vehicles' used in qualified name
     1>DllMain.cpp(531): warning C4482: nonstandard extension used: enum '_Assets_Vehicles' used in qualified name
     1>DllMain.cpp(531): warning C4482: nonstandard extension used: enum '_Assets_Vehicles' used in qualified name
     1>DllMain.cpp(531): warning C4482: nonstandard extension used: enum '_Assets_Vehicles' used in qualified name
     1>DllMain.cpp(532): warning C4482: nonstandard extension used: enum '_Assets_Vehicles' used in qualified name
     1>DllMain.cpp(532): warning C4482: nonstandard extension used: enum '_Assets_Vehicles' used in qualified name
     1>DllMain.cpp(532): warning C4482: nonstandard extension used: enum '_Assets_Vehicles' used in qualified name
     1>DllMain.cpp(532): warning C4482: nonstandard extension used: enum '_Assets_Vehicles' used in qualified name
     1>DllMain.cpp(533): warning C4482: nonstandard extension used: enum '_Assets_Vehicles' used in qualified name
     1>DllMain.cpp(533): warning C4482: nonstandard extension used: enum '_Assets_Vehicles' used in qualified name
     1>DllMain.cpp(533): warning C4482: nonstandard extension used: enum '_Assets_Vehicles' used in qualified name
     1>DllMain.cpp(533): warning C4482: nonstandard extension used: enum '_Assets_Vehicles' used in qualified name
     1>DllMain.cpp(534): warning C4482: nonstandard extension used: enum '_Assets_Vehicles' used in qualified name
     1>DllMain.cpp(534): warning C4482: nonstandard extension used: enum '_Assets_Vehicles' used in qualified name
     1>DllMain.cpp(534): warning C4482: nonstandard extension used: enum '_Assets_Vehicles' used in qualified name
     1>DllMain.cpp(534): warning C4482: nonstandard extension used: enum '_Assets_Vehicles' used in qualified name
     1>DllMain.cpp(535): warning C4482: nonstandard extension used: enum '_Assets_Vehicles' used in qualified name
     1>DllMain.cpp(535): warning C4482: nonstandard extension used: enum '_Assets_Vehicles' used in qualified name
     1>DllMain.cpp(535): warning C4482: nonstandard extension used: enum '_Assets_Vehicles' used in qualified name
     1>DllMain.cpp(535): warning C4482: nonstandard extension used: enum '_Assets_Vehicles' used in qualified name
     1>DllMain.cpp(536): warning C4482: nonstandard extension used: enum '_Assets_Vehicles' used in qualified name
     1>DllMain.cpp(536): warning C4482: nonstandard extension used: enum '_Assets_Vehicles' used in qualified name
     1>DllMain.cpp(536): warning C4482: nonstandard extension used: enum '_Assets_Vehicles' used in qualified name
     1>DllMain.cpp(536): warning C4482: nonstandard extension used: enum '_Assets_Vehicles' used in qualified name
     1>DllMain.cpp(537): warning C4482: nonstandard extension used: enum '_Assets_Vehicles' used in qualified name
     1>DllMain.cpp(537): warning C4482: nonstandard extension used: enum '_Assets_Vehicles' used in qualified name
     1>DllMain.cpp(537): warning C4482: nonstandard extension used: enum '_Assets_Vehicles' used in qualified name
     1>DllMain.cpp(537): warning C4482: nonstandard extension used: enum '_Assets_Vehicles' used in qualified name
     1>DllMain.cpp(538): warning C4482: nonstandard extension used: enum '_Assets_Vehicles' used in qualified name
     1>DllMain.cpp(538): warning C4482: nonstandard extension used: enum '_Assets_Vehicles' used in qualified name
     1>DllMain.cpp(538): warning C4482: nonstandard extension used: enum '_Assets_Vehicles' used in qualified name
     1>DllMain.cpp(538): warning C4482: nonstandard extension used: enum '_Assets_Vehicles' used in qualified name
     1>DllMain.cpp(539): warning C4482: nonstandard extension used: enum '_Assets_Vehicles' used in qualified name
     1>DllMain.cpp(539): warning C4482: nonstandard extension used: enum '_Assets_Vehicles' used in qualified name
     1>DllMain.cpp(539): warning C4482: nonstandard extension used: enum '_Assets_Vehicles' used in qualified name
     1>DllMain.cpp(539): warning C4482: nonstandard extension used: enum '_Assets_Vehicles' used in qualified name
     1>DllMain.cpp(540): warning C4482: nonstandard extension used: enum '_Assets_Vehicles' used in qualified name
     1>DllMain.cpp(540): warning C4482: nonstandard extension used: enum '_Assets_Vehicles' used in qualified name
     1>DllMain.cpp(540): warning C4482: nonstandard extension used: enum '_Assets_Vehicles' used in qualified name
     1>DllMain.cpp(540): warning C4482: nonstandard extension used: enum '_Assets_Vehicles' used in qualified name
     1>DllMain.cpp(552): warning C4244: 'argument' : conversion from 'time_t' to 'unsigned int', possible loss of data
     1>DllMain.cpp(556): warning C4244: '=' : conversion from 'double' to 'float', possible loss of data
     1>DllMain.cpp(558): warning C4482: nonstandard extension used: enum '_WeaponCannon_Projectiles' used in qualified name
     1>DllMain.cpp(558): warning C4482: nonstandard extension used: enum '_WeaponCannon_Projectiles' used in qualified name
     1>DllMain.cpp(562): warning C4482: nonstandard extension used: enum '_WeaponCannon_Projectiles' used in qualified name
     1>DllMain.cpp(562): warning C4800: 'float' : forcing value to bool 'true' or 'false' (performance warning)
     1>DllMain.cpp(565): warning C4482: nonstandard extension used: enum '_WeaponCannon_Projectiles' used in qualified name
     1>DllMain.cpp(574): warning C4482: nonstandard extension used: enum '_WeaponCannon_Projectiles' used in qualified name
     1>DllMain.cpp(597): warning C4018: '<' : signed/unsigned mismatch
     1>DllMain.cpp(1325): warning C4482: nonstandard extension used: enum '_SubMenus' used in qualified name
     1>DllMain.cpp(1406): warning C4482: nonstandard extension used: enum '_SubMenus' used in qualified name
     1>DllMain.cpp(1411): warning C4482: nonstandard extension used: enum '_SubMenus' used in qualified name
     1>DllMain.cpp(1416): warning C4482: nonstandard extension used: enum '_SubMenus' used in qualified name
     1>DllMain.cpp(1421): warning C4482: nonstandard extension used: enum '_SubMenus' used in qualified name
     1>DllMain.cpp(1426): warning C4482: nonstandard extension used: enum '_SubMenus' used in qualified name
     1>DllMain.cpp(1431): warning C4482: nonstandard extension used: enum '_SubMenus' used in qualified name
     1>DllMain.cpp(1436): warning C4482: nonstandard extension used: enum '_SubMenus' used in qualified name
     1>DllMain.cpp(1439): warning C4482: nonstandard extension used: enum '_SubMenus' used in qualified name
     1>DllMain.cpp(1512): warning C4482: nonstandard extension used: enum '_SubMenus' used in qualified name
     1>DllMain.cpp(1516): warning C4482: nonstandard extension used: enum '_SubMenus' used in qualified name
     1>DllMain.cpp(1552): warning C4244: 'argument' : conversion from 'double' to 'float', possible loss of data
     1>DllMain.cpp(1553): warning C4244: 'argument' : conversion from 'double' to 'float', possible loss of data
     1>DllMain.cpp(1567): warning C4482: nonstandard extension used: enum '_SubMenus' used in qualified name
     1>DllMain.cpp(1573): warning C4482: nonstandard extension used: enum '_SubMenus' used in qualified name
     1>DllMain.cpp(1580): warning C4482: nonstandard extension used: enum '_SubMenus' used in qualified name
     1>DllMain.cpp(1584): warning C4482: nonstandard extension used: enum '_SubMenus' used in qualified name
     1>DllMain.cpp(1589): warning C4482: nonstandard extension used: enum '_SubMenus' used in qualified name
     1>DllMain.cpp(1594): warning C4482: nonstandard extension used: enum '_SubMenus' used in qualified name
     1>DllMain.cpp(1599): warning C4482: nonstandard extension used: enum '_SubMenus' used in qualified name
     1>DllMain.cpp(1604): warning C4482: nonstandard extension used: enum '_SubMenus' used in qualified name
     1>DllMain.cpp(1604): warning C4553: '==' : operator has no effect; did you intend '='?
     1>DllMain.cpp(1607): warning C4482: nonstandard extension used: enum '_SubMenus' used in qualified name
     1>DllMain.cpp(1672): warning C4482: nonstandard extension used: enum '_SubMenus' used in qualified name
     1>DllMain.cpp(1680): warning C4482: nonstandard extension used: enum '_SubMenus' used in qualified name
     1>DllMain.cpp(1685): warning C4482: nonstandard extension used: enum '_Assets_Weapons' used in qualified name
     1>DllMain.cpp(1686): warning C4482: nonstandard extension used: enum '_Assets_Weapons' used in qualified name
     1>DllMain.cpp(1687): warning C4482: nonstandard extension used: enum '_Assets_Weapons' used in qualified name
     1>DllMain.cpp(1688): warning C4482: nonstandard extension used: enum '_Assets_Weapons' used in qualified name
     1>DllMain.cpp(1689): warning C4482: nonstandard extension used: enum '_Assets_Weapons' used in qualified name
     1>DllMain.cpp(1690): warning C4482: nonstandard extension used: enum '_Assets_Weapons' used in qualified name
     1>DllMain.cpp(1691): warning C4482: nonstandard extension used: enum '_Assets_Weapons' used in qualified name
     1>DllMain.cpp(1692): warning C4482: nonstandard extension used: enum '_Assets_Weapons' used in qualified name
     1>DllMain.cpp(1693): warning C4482: nonstandard extension used: enum '_Assets_Weapons' used in qualified name
     1>DllMain.cpp(1694): warning C4482: nonstandard extension used: enum '_Assets_Weapons' used in qualified name
     1>DllMain.cpp(1695): warning C4482: nonstandard extension used: enum '_Assets_Weapons' used in qualified name
     1>DllMain.cpp(1696): warning C4482: nonstandard extension used: enum '_Assets_Weapons' used in qualified name
     1>DllMain.cpp(1697): warning C4482: nonstandard extension used: enum '_Assets_Weapons' used in qualified name
     1>DllMain.cpp(1698): warning C4482: nonstandard extension used: enum '_Assets_Weapons' used in qualified name
     1>DllMain.cpp(1699): warning C4482: nonstandard extension used: enum '_Assets_Weapons' used in qualified name
     1>DllMain.cpp(1700): warning C4482: nonstandard extension used: enum '_Assets_Weapons' used in qualified name
     1>DllMain.cpp(1701): warning C4482: nonstandard extension used: enum '_Assets_Weapons' used in qualified name
     1>DllMain.cpp(1702): warning C4482: nonstandard extension used: enum '_Assets_Weapons' used in qualified name
     1>DllMain.cpp(1703): warning C4482: nonstandard extension used: enum '_Assets_Weapons' used in qualified name
     1>DllMain.cpp(1704): warning C4482: nonstandard extension used: enum '_Assets_Weapons' used in qualified name
     1>DllMain.cpp(1705): warning C4482: nonstandard extension used: enum '_Assets_Weapons' used in qualified name
     1>DllMain.cpp(1706): warning C4482: nonstandard extension used: enum '_Assets_Weapons' used in qualified name
     1>DllMain.cpp(1707): warning C4482: nonstandard extension used: enum '_Assets_Weapons' used in qualified name
     1>DllMain.cpp(1708): warning C4482: nonstandard extension used: enum '_Assets_Weapons' used in qualified name
     1>DllMain.cpp(1709): warning C4482: nonstandard extension used: enum '_Assets_Weapons' used in qualified name
     1>DllMain.cpp(1710): warning C4482: nonstandard extension used: enum '_Assets_Weapons' used in qualified name
     1>DllMain.cpp(1711): warning C4482: nonstandard extension used: enum '_Assets_Weapons' used in qualified name
     1>DllMain.cpp(1712): warning C4482: nonstandard extension used: enum '_Assets_Weapons' used in qualified name
     1>DllMain.cpp(1713): warning C4482: nonstandard extension used: enum '_Assets_Weapons' used in qualified name
     1>DllMain.cpp(1714): warning C4482: nonstandard extension used: enum '_Assets_Weapons' used in qualified name
     1>DllMain.cpp(1715): warning C4482: nonstandard extension used: enum '_Assets_Weapons' used in qualified name
     1>DllMain.cpp(1716): warning C4482: nonstandard extension used: enum '_Assets_Weapons' used in qualified name
     1>DllMain.cpp(1717): warning C4482: nonstandard extension used: enum '_Assets_Weapons' used in qualified name
     1>DllMain.cpp(1718): warning C4482: nonstandard extension used: enum '_Assets_Weapons' used in qualified name
     1>DllMain.cpp(1719): warning C4482: nonstandard extension used: enum '_Assets_Weapons' used in qualified name
     1>DllMain.cpp(1720): warning C4482: nonstandard extension used: enum '_Assets_Weapons' used in qualified name
     1>DllMain.cpp(1721): warning C4482: nonstandard extension used: enum '_Assets_Weapons' used in qualified name
     1>DllMain.cpp(1722): warning C4482: nonstandard extension used: enum '_Assets_Weapons' used in qualified name
     1>DllMain.cpp(1723): warning C4482: nonstandard extension used: enum '_Assets_Weapons' used in qualified name
     1>DllMain.cpp(1724): warning C4482: nonstandard extension used: enum '_Assets_Weapons' used in qualified name
     1>DllMain.cpp(1725): warning C4482: nonstandard extension used: enum '_Assets_Weapons' used in qualified name
     1>DllMain.cpp(1726): warning C4482: nonstandard extension used: enum '_Assets_Weapons' used in qualified name
     1>DllMain.cpp(1727): warning C4482: nonstandard extension used: enum '_Assets_Weapons' used in qualified name
     1>DllMain.cpp(1728): warning C4482: nonstandard extension used: enum '_Assets_Weapons' used in qualified name
     1>DllMain.cpp(1729): warning C4482: nonstandard extension used: enum '_Assets_Weapons' used in qualified name
     1>DllMain.cpp(1730): warning C4482: nonstandard extension used: enum '_Assets_Weapons' used in qualified name
     1>DllMain.cpp(1731): warning C4482: nonstandard extension used: enum '_Assets_Weapons' used in qualified name
     1>DllMain.cpp(1732): warning C4482: nonstandard extension used: enum '_Assets_Weapons' used in qualified name
     1>DllMain.cpp(1733): warning C4482: nonstandard extension used: enum '_Assets_Weapons' used in qualified name
     1>DllMain.cpp(1734): warning C4482: nonstandard extension used: enum '_Assets_Weapons' used in qualified name
     1>DllMain.cpp(1735): warning C4482: nonstandard extension used: enum '_Assets_Weapons' used in qualified name
     1>DllMain.cpp(1736): warning C4482: nonstandard extension used: enum '_Assets_Weapons' used in qualified name
     1>DllMain.cpp(1737): warning C4482: nonstandard extension used: enum '_Assets_Weapons' used in qualified name
     1>DllMain.cpp(1738): warning C4482: nonstandard extension used: enum '_Assets_Weapons' used in qualified name
     1>DllMain.cpp(1739): warning C4482: nonstandard extension used: enum '_Assets_Weapons' used in qualified name
     1>DllMain.cpp(1740): warning C4482: nonstandard extension used: enum '_Assets_Weapons' used in qualified name
     1>DllMain.cpp(1741): warning C4482: nonstandard extension used: enum '_Assets_Weapons' used in qualified name
     1>DllMain.cpp(1742): warning C4482: nonstandard extension used: enum '_Assets_Weapons' used in qualified name
     1>DllMain.cpp(1743): warning C4482: nonstandard extension used: enum '_Assets_Weapons' used in qualified name
     1>DllMain.cpp(1744): warning C4482: nonstandard extension used: enum '_Assets_Weapons' used in qualified name
     1>DllMain.cpp(1745): warning C4482: nonstandard extension used: enum '_Assets_Weapons' used in qualified name
     1>DllMain.cpp(1746): warning C4482: nonstandard extension used: enum '_Assets_Weapons' used in qualified name
     1>DllMain.cpp(1765): warning C4482: nonstandard extension used: enum '_SubMenus' used in qualified name
     1>DllMain.cpp(1825): warning C4482: nonstandard extension used: enum '_SubMenus' used in qualified name
     1>DllMain.cpp(1829): warning C4482: nonstandard extension used: enum '_SubMenus' used in qualified name
     1>DllMain.cpp(1844): warning C4482: nonstandard extension used: enum '_Assets_Weapons' used in qualified name
     1>DllMain.cpp(1844): warning C4482: nonstandard extension used: enum '_Assets_Weapons' used in qualified name
     1>DllMain.cpp(1857): warning C4482: nonstandard extension used: enum '_Assets_Weapons' used in qualified name
     1>DllMain.cpp(1858): warning C4482: nonstandard extension used: enum '_Assets_Weapons' used in qualified name
     1>DllMain.cpp(1859): warning C4482: nonstandard extension used: enum '_Assets_Weapons' used in qualified name
     1>DllMain.cpp(1860): warning C4482: nonstandard extension used: enum '_Assets_Weapons' used in qualified name
     1>DllMain.cpp(1861): warning C4482: nonstandard extension used: enum '_Assets_Weapons' used in qualified name
     1>DllMain.cpp(1862): warning C4482: nonstandard extension used: enum '_Assets_Weapons' used in qualified name
     1>DllMain.cpp(1863): warning C4482: nonstandard extension used: enum '_Assets_Weapons' used in qualified name
     1>DllMain.cpp(1864): warning C4482: nonstandard extension used: enum '_Assets_Weapons' used in qualified name
     1>DllMain.cpp(1865): warning C4482: nonstandard extension used: enum '_Assets_Weapons' used in qualified name
     1>DllMain.cpp(1866): warning C4482: nonstandard extension used: enum '_Assets_Weapons' used in qualified name
     1>DllMain.cpp(1867): warning C4482: nonstandard extension used: enum '_Assets_Weapons' used in qualified name
     1>DllMain.cpp(1868): warning C4482: nonstandard extension used: enum '_Assets_Weapons' used in qualified name
     1>DllMain.cpp(1869): warning C4482: nonstandard extension used: enum '_Assets_Weapons' used in qualified name
     1>DllMain.cpp(1870): warning C4482: nonstandard extension used: enum '_Assets_Weapons' used in qualified name
     1>DllMain.cpp(1871): warning C4482: nonstandard extension used: enum '_Assets_Weapons' used in qualified name
     1>DllMain.cpp(1872): warning C4482: nonstandard extension used: enum '_Assets_Weapons' used in qualified name
     1>DllMain.cpp(1873): warning C4482: nonstandard extension used: enum '_Assets_Weapons' used in qualified name
     1>DllMain.cpp(1874): warning C4482: nonstandard extension used: enum '_Assets_Weapons' used in qualified name
     1>DllMain.cpp(1875): warning C4482: nonstandard extension used: enum '_Assets_Weapons' used in qualified name
     1>DllMain.cpp(1876): warning C4482: nonstandard extension used: enum '_Assets_Weapons' used in qualified name
     1>DllMain.cpp(1877): warning C4482: nonstandard extension used: enum '_Assets_Weapons' used in qualified name
     1>DllMain.cpp(1878): warning C4482: nonstandard extension used: enum '_Assets_Weapons' used in qualified name
     1>DllMain.cpp(1879): warning C4482: nonstandard extension used: enum '_Assets_Weapons' used in qualified name
     1>DllMain.cpp(1880): warning C4482: nonstandard extension used: enum '_Assets_Weapons' used in qualified name
     1>DllMain.cpp(1881): warning C4482: nonstandard extension used: enum '_Assets_Weapons' used in qualified name
     1>DllMain.cpp(1882): warning C4482: nonstandard extension used: enum '_Assets_Weapons' used in qualified name
     1>DllMain.cpp(1883): warning C4482: nonstandard extension used: enum '_Assets_Weapons' used in qualified name
     1>DllMain.cpp(1884): warning C4482: nonstandard extension used: enum '_Assets_Weapons' used in qualified name
     1>DllMain.cpp(1885): warning C4482: nonstandard extension used: enum '_Assets_Weapons' used in qualified name
     1>DllMain.cpp(1886): warning C4482: nonstandard extension used: enum '_Assets_Weapons' used in qualified name
     1>DllMain.cpp(1887): warning C4482: nonstandard extension used: enum '_Assets_Weapons' used in qualified name
     1>DllMain.cpp(1888): warning C4482: nonstandard extension used: enum '_Assets_Weapons' used in qualified name
     1>DllMain.cpp(1889): warning C4482: nonstandard extension used: enum '_Assets_Weapons' used in qualified name
     1>DllMain.cpp(1890): warning C4482: nonstandard extension used: enum '_Assets_Weapons' used in qualified name
     1>DllMain.cpp(1891): warning C4482: nonstandard extension used: enum '_Assets_Weapons' used in qualified name
     1>DllMain.cpp(1892): warning C4482: nonstandard extension used: enum '_Assets_Weapons' used in qualified name
     1>DllMain.cpp(1893): warning C4482: nonstandard extension used: enum '_Assets_Weapons' used in qualified name
     1>DllMain.cpp(1894): warning C4482: nonstandard extension used: enum '_Assets_Weapons' used in qualified name
     1>DllMain.cpp(1895): warning C4482: nonstandard extension used: enum '_Assets_Weapons' used in qualified name
     1>DllMain.cpp(1896): warning C4482: nonstandard extension used: enum '_Assets_Weapons' used in qualified name
     1>DllMain.cpp(1897): warning C4482: nonstandard extension used: enum '_Assets_Weapons' used in qualified name
     1>DllMain.cpp(1898): warning C4482: nonstandard extension used: enum '_Assets_Weapons' used in qualified name
     1>DllMain.cpp(1899): warning C4482: nonstandard extension used: enum '_Assets_Weapons' used in qualified name
     1>DllMain.cpp(1900): warning C4482: nonstandard extension used: enum '_Assets_Weapons' used in qualified name
     1>DllMain.cpp(1901): warning C4482: nonstandard extension used: enum '_Assets_Weapons' used in qualified name
     1>DllMain.cpp(1902): warning C4482: nonstandard extension used: enum '_Assets_Weapons' used in qualified name
     1>DllMain.cpp(1903): warning C4482: nonstandard extension used: enum '_Assets_Weapons' used in qualified name
     1>DllMain.cpp(1904): warning C4482: nonstandard extension used: enum '_Assets_Weapons' used in qualified name
     1>DllMain.cpp(1905): warning C4482: nonstandard extension used: enum '_Assets_Weapons' used in qualified name
     1>DllMain.cpp(1906): warning C4482: nonstandard extension used: enum '_Assets_Weapons' used in qualified name
     1>DllMain.cpp(1907): warning C4482: nonstandard extension used: enum '_Assets_Weapons' used in qualified name
     1>DllMain.cpp(1908): warning C4482: nonstandard extension used: enum '_Assets_Weapons' used in qualified name
     1>DllMain.cpp(1909): warning C4482: nonstandard extension used: enum '_Assets_Weapons' used in qualified name
     1>DllMain.cpp(1910): warning C4482: nonstandard extension used: enum '_Assets_Weapons' used in qualified name
     1>DllMain.cpp(1911): warning C4482: nonstandard extension used: enum '_Assets_Weapons' used in qualified name
     1>DllMain.cpp(1912): warning C4482: nonstandard extension used: enum '_Assets_Weapons' used in qualified name
     1>DllMain.cpp(1913): warning C4482: nonstandard extension used: enum '_Assets_Weapons' used in qualified name
     1>DllMain.cpp(1914): warning C4482: nonstandard extension used: enum '_Assets_Weapons' used in qualified name
     1>DllMain.cpp(1915): warning C4482: nonstandard extension used: enum '_Assets_Weapons' used in qualified name
     1>DllMain.cpp(1916): warning C4482: nonstandard extension used: enum '_Assets_Weapons' used in qualified name
     1>DllMain.cpp(1917): warning C4482: nonstandard extension used: enum '_Assets_Weapons' used in qualified name
     1>DllMain.cpp(1918): warning C4482: nonstandard extension used: enum '_Assets_Weapons' used in qualified name
     1>DllMain.cpp(2004): warning C4482: nonstandard extension used: enum '_SubMenus' used in qualified name
     1>DllMain.cpp(2008): warning C4482: nonstandard extension used: enum '_WeaponCannon_Projectiles' used in qualified name
     1>DllMain.cpp(2013): warning C4482: nonstandard extension used: enum '_WeaponCannon_Projectiles' used in qualified name
     1>DllMain.cpp(2018): warning C4482: nonstandard extension used: enum '_WeaponCannon_Projectiles' used in qualified name
     1>DllMain.cpp(2023): warning C4482: nonstandard extension used: enum '_WeaponCannon_Projectiles' used in qualified name
     1>DllMain.cpp(2027): warning C4482: nonstandard extension used: enum '_SubMenus' used in qualified name
     1>DllMain.cpp(2031): warning C4482: nonstandard extension used: enum '_SubMenus' used in qualified name
     1>DllMain.cpp(2036): warning C4482: nonstandard extension used: enum '_SubMenus' used in qualified name
     1>DllMain.cpp(2140): warning C4482: nonstandard extension used: enum '_SubMenus' used in qualified name
     1>DllMain.cpp(2144): warning C4482: nonstandard extension used: enum '_SubMenus' used in qualified name
     1>DllMain.cpp(2149): warning C4482: nonstandard extension used: enum '_SubMenus' used in qualified name
     1>DllMain.cpp(2154): warning C4482: nonstandard extension used: enum '_SubMenus' used in qualified name
     1>DllMain.cpp(2159): warning C4482: nonstandard extension used: enum '_SubMenus' used in qualified name
     1>DllMain.cpp(2164): warning C4482: nonstandard extension used: enum '_SubMenus' used in qualified name
     1>DllMain.cpp(2169): warning C4482: nonstandard extension used: enum '_SubMenus' used in qualified name
     1>DllMain.cpp(2174): warning C4482: nonstandard extension used: enum '_SubMenus' used in qualified name
     1>DllMain.cpp(2179): warning C4482: nonstandard extension used: enum '_SubMenus' used in qualified name
     1>DllMain.cpp(2184): warning C4482: nonstandard extension used: enum '_SubMenus' used in qualified name
     1>DllMain.cpp(2189): warning C4482: nonstandard extension used: enum '_SubMenus' used in qualified name
     1>DllMain.cpp(2194): warning C4482: nonstandard extension used: enum '_SubMenus' used in qualified name
     1>DllMain.cpp(2199): warning C4482: nonstandard extension used: enum '_SubMenus' used in qualified name
     1>DllMain.cpp(2204): warning C4482: nonstandard extension used: enum '_SubMenus' used in qualified name
     1>DllMain.cpp(2209): warning C4482: nonstandard extension used: enum '_SubMenus' used in qualified name
     1>DllMain.cpp(2214): warning C4482: nonstandard extension used: enum '_SubMenus' used in qualified name
     1>DllMain.cpp(2219): warning C4482: nonstandard extension used: enum '_SubMenus' used in qualified name
     1>DllMain.cpp(2224): warning C4482: nonstandard extension used: enum '_SubMenus' used in qualified name
     1>DllMain.cpp(2229): warning C4482: nonstandard extension used: enum '_SubMenus' used in qualified name
     1>DllMain.cpp(2232): warning C4482: nonstandard extension used: enum '_SubMenus' used in qualified name
     1>DllMain.cpp(2236): warning C4482: nonstandard extension used: enum '_SubMenus' used in qualified name
     1>DllMain.cpp(2241): warning C4482: nonstandard extension used: enum '_SubMenus' used in qualified name
     1>DllMain.cpp(2246): warning C4482: nonstandard extension used: enum '_SubMenus' used in qualified name
     1>DllMain.cpp(2251): warning C4482: nonstandard extension used: enum '_SubMenus' used in qualified name
     1>DllMain.cpp(2256): warning C4482: nonstandard extension used: enum '_SubMenus' used in qualified name
     1>DllMain.cpp(2261): warning C4482: nonstandard extension used: enum '_SubMenus' used in qualified name
     1>DllMain.cpp(2266): warning C4482: nonstandard extension used: enum '_SubMenus' used in qualified name
     1>DllMain.cpp(2271): warning C4482: nonstandard extension used: enum '_SubMenus' used in qualified name
     1>DllMain.cpp(2276): warning C4482: nonstandard extension used: enum '_SubMenus' used in qualified name
     1>DllMain.cpp(2281): warning C4482: nonstandard extension used: enum '_SubMenus' used in qualified name
     1>DllMain.cpp(2286): warning C4482: nonstandard extension used: enum '_SubMenus' used in qualified name
     1>DllMain.cpp(2291): warning C4482: nonstandard extension used: enum '_SubMenus' used in qualified name
     1>DllMain.cpp(2296): warning C4482: nonstandard extension used: enum '_SubMenus' used in qualified name
     1>DllMain.cpp(2301): warning C4482: nonstandard extension used: enum '_SubMenus' used in qualified name
     1>DllMain.cpp(2306): warning C4482: nonstandard extension used: enum '_SubMenus' used in qualified name
     1>DllMain.cpp(2311): warning C4482: nonstandard extension used: enum '_SubMenus' used in qualified name
     1>DllMain.cpp(2316): warning C4482: nonstandard extension used: enum '_SubMenus' used in qualified name
     1>DllMain.cpp(2321): warning C4482: nonstandard extension used: enum '_SubMenus' used in qualified name
     1>DllMain.cpp(2326): warning C4482: nonstandard extension used: enum '_SubMenus' used in qualified name
     1>DllMain.cpp(2331): warning C4482: nonstandard extension used: enum '_SubMenus' used in qualified name
     1>DllMain.cpp(2334): warning C4482: nonstandard extension used: enum '_SubMenus' used in qualified name
     1>DllMain.cpp(2338): warning C4482: nonstandard extension used: enum '_SubMenus' used in qualified name
     1>DllMain.cpp(2363): warning C4482: nonstandard extension used: enum '_SubMenus' used in qualified name
     1>DllMain.cpp(2363): warning C4553: '==' : operator has no effect; did you intend '='?
     1>DllMain.cpp(2366): warning C4482: nonstandard extension used: enum '_SubMenus' used in qualified name
     1>DllMain.cpp(2370): warning C4482: nonstandard extension used: enum '_SubMenus' used in qualified name
     1>DllMain.cpp(2392): warning C4482: nonstandard extension used: enum '_SubMenus' used in qualified name
     1>DllMain.cpp(2555): warning C4482: nonstandard extension used: enum '_SubMenus' used in qualified name
     1>DllMain.cpp(2623): warning C4482: nonstandard extension used: enum '_SubMenus' used in qualified name
     1>DllMain.cpp(2633): warning C4482: nonstandard extension used: enum '_SubMenus' used in qualified name
     1>DllMain.cpp(2634): warning C4482: nonstandard extension used: enum '_SubMenus' used in qualified name
     1>DllMain.cpp(2635): warning C4482: nonstandard extension used: enum '_SubMenus' used in qualified name
     1>DllMain.cpp(2636): warning C4482: nonstandard extension used: enum '_SubMenus' used in qualified name
     1>DllMain.cpp(2637): warning C4482: nonstandard extension used: enum '_SubMenus' used in qualified name
     1>DllMain.cpp(2638): warning C4482: nonstandard extension used: enum '_SubMenus' used in qualified name
     1>DllMain.cpp(2641): warning C4482: nonstandard extension used: enum '_SubMenus' used in qualified name
     1>DllMain.cpp(2643): warning C4482: nonstandard extension used: enum '_SubMenus' used in qualified name
     1>DllMain.cpp(2646): warning C4482: nonstandard extension used: enum '_SubMenus' used in qualified name
     1>DllMain.cpp(2648): warning C4482: nonstandard extension used: enum '_SubMenus' used in qualified name
     1>DllMain.cpp(2651): warning C4482: nonstandard extension used: enum '_SubMenus' used in qualified name
     1>DllMain.cpp(2653): warning C4482: nonstandard extension used: enum '_SubMenus' used in qualified name
     1>DllMain.cpp(2654): warning C4482: nonstandard extension used: enum '_SubMenus' used in qualified name
     1>DllMain.cpp(2655): warning C4482: nonstandard extension used: enum '_SubMenus' used in qualified name
     1>DllMain.cpp(2656): warning C4482: nonstandard extension used: enum '_SubMenus' used in qualified name
     1>DllMain.cpp(2657): warning C4482: nonstandard extension used: enum '_SubMenus' used in qualified name
     1>DllMain.cpp(2660): warning C4482: nonstandard extension used: enum '_SubMenus' used in qualified name
     1>DllMain.cpp(2662): warning C4482: nonstandard extension used: enum '_SubMenus' used in qualified name
     1>DllMain.cpp(2665): warning C4482: nonstandard extension used: enum '_SubMenus' used in qualified name
     1>DllMain.cpp(2667): warning C4482: nonstandard extension used: enum '_SubMenus' used in qualified name
     1>DllMain.cpp(2668): warning C4482: nonstandard extension used: enum '_SubMenus' used in qualified name
     1>DllMain.cpp(2671): warning C4482: nonstandard extension used: enum '_SubMenus' used in qualified name
     1>DllMain.cpp(2673): warning C4482: nonstandard extension used: enum '_SubMenus' used in qualified name
     1>DllMain.cpp(2674): warning C4482: nonstandard extension used: enum '_SubMenus' used in qualified name
     1>DllMain.cpp(2677): warning C4482: nonstandard extension used: enum '_SubMenus' used in qualified name
     1>DllMain.cpp(2679): warning C4482: nonstandard extension used: enum '_SubMenus' used in qualified name
     1>DllMain.cpp(2682): warning C4482: nonstandard extension used: enum '_SubMenus' used in qualified name
     1>DllMain.cpp(2762): warning C4482: nonstandard extension used: enum '_WeaponCannon_Projectiles' used in qualified name
       Link:
         C:\Program Files (x86)\Microsoft Xbox 360 SDK\bin\win32\link.exe /ERRORREPORT:PROMPT /OUT:"C:\Users\S7Clutch\Documents\Visual Studio 2010\Projects\The Saiyan Project\src\Release_LTCG\The Saiyan Project.dll" /INCREMENTAL:NO /NOLOGO xapilib.lib d3d9ltcg.lib d3dx9.lib xgraphics.lib xboxkrnl.lib xnet.lib xaudio2.lib xact3ltcg.lib x3daudioltcg.lib xmcoreltcg.lib vcomp.lib xbdm.lib /MANIFESTUAC:"level='asInvoker' uiAccess='false'" /DEBUG /STACK:"262144","262144" /OPT:REF /OPT:ICF /LTCG /TLBID:1 /RELEASE /IMPLIB:"C:\Users\S7Clutch\Documents\Visual Studio 2010\Projects\The Saiyan Project\src\Release_LTCG\The Saiyan Project.lib" Release_LTCG\DllMain.obj
         Release_LTCG\Hooks.obj
         Release_LTCG\Natives.obj
         Release_LTCG\stdafx.obj
         Release_LTCG\Tools.obj /dll  /ALIGN:128,4096 /XEX:NO
         Generating code
     1>c:\users\s7clutch\documents\visual studio 2010\projects\the saiyan project\src\tools.cpp(45): warning C4700: uninitialized local variable 'szBuffer' used
     1>c:\users\s7clutch\documents\visual studio 2010\projects\the saiyan project\src\hooks.cpp(856): warning C4700: uninitialized local variable 'signinInfo' used
     1>c:\users\s7clutch\documents\visual studio 2010\projects\the saiyan project\src\dllmain.cpp(2846): warning C4700: uninitialized local variable 'wszNotify' used
         Finished generating code
       ImageXex:
         C:\Program Files (x86)\Microsoft Xbox 360 SDK\bin\win32\imagexex.exe /out:"C:\Users\S7Clutch\Documents\Visual Studio 2010\Projects\The Saiyan Project\src\Release_LTCG\The Saiyan Project.xex" /config:"xex.xml" "C:\Users\S7Clutch\Documents\Visual Studio 2010\Projects\The Saiyan Project\src\Release_LTCG\The Saiyan Project.dll" 
     1>Done Building Project "C:\Users\S7Clutch\Documents\Visual Studio 2010\Projects\The Saiyan Project\src\The Saiyan Project.vcxproj" (Build target(s)).

Build succeeded.

Time Elapsed 00:00:04.03
