C:\Users\S7Clutch\Documents\Visual Studio 2010\Projects\The Saiyan Project\src\Release_LTCG\cl.command.1.tlog
C:\Users\S7Clutch\Documents\Visual Studio 2010\Projects\The Saiyan Project\src\Release_LTCG\CL.read.1.tlog
C:\Users\S7Clutch\Documents\Visual Studio 2010\Projects\The Saiyan Project\src\Release_LTCG\CL.write.1.tlog
C:\USERS\S7CLUTCH\DOCUMENTS\VISUAL STUDIO 2010\PROJECTS\THE SAIYAN PROJECT\SRC\RELEASE_LTCG\DLLMAIN.ASM
C:\USERS\S7CLUTCH\DOCUMENTS\VISUAL STUDIO 2010\PROJECTS\THE SAIYAN PROJECT\SRC\RELEASE_LTCG\DLLMAIN.OBJ
C:\USERS\S7CLUTCH\DOCUMENTS\VISUAL STUDIO 2010\PROJECTS\THE SAIYAN PROJECT\SRC\RELEASE_LTCG\HOOKS.ASM
C:\USERS\S7CLUTCH\DOCUMENTS\VISUAL STUDIO 2010\PROJECTS\THE SAIYAN PROJECT\SRC\RELEASE_LTCG\HOOKS.OBJ
C:\Users\S7Clutch\Documents\Visual Studio 2010\Projects\The Saiyan Project\src\Release_LTCG\link.command.1.tlog
C:\Users\S7Clutch\Documents\Visual Studio 2010\Projects\The Saiyan Project\src\Release_LTCG\link.read.1.tlog
C:\Users\S7Clutch\Documents\Visual Studio 2010\Projects\The Saiyan Project\src\Release_LTCG\link.write.1.tlog
C:\USERS\S7CLUTCH\DOCUMENTS\VISUAL STUDIO 2010\PROJECTS\THE SAIYAN PROJECT\SRC\RELEASE_LTCG\NATIVES.ASM
C:\USERS\S7CLUTCH\DOCUMENTS\VISUAL STUDIO 2010\PROJECTS\THE SAIYAN PROJECT\SRC\RELEASE_LTCG\NATIVES.OBJ
C:\USERS\S7CLUTCH\DOCUMENTS\VISUAL STUDIO 2010\PROJECTS\THE SAIYAN PROJECT\SRC\RELEASE_LTCG\STDAFX.ASM
C:\USERS\S7CLUTCH\DOCUMENTS\VISUAL STUDIO 2010\PROJECTS\THE SAIYAN PROJECT\SRC\RELEASE_LTCG\STDAFX.OBJ
C:\USERS\S7CLUTCH\DOCUMENTS\VISUAL STUDIO 2010\PROJECTS\THE SAIYAN PROJECT\SRC\RELEASE_LTCG\THE SAIYAN PROJECT.DLL
C:\Users\S7Clutch\Documents\Visual Studio 2010\Projects\The Saiyan Project\src\Release_LTCG\The Saiyan Project.pdb
C:\Users\S7Clutch\Documents\Visual Studio 2010\Projects\The Saiyan Project\src\Release_LTCG\The Saiyan Project.vcxprojResolveAssemblyReference.cache
C:\Users\S7Clutch\Documents\Visual Studio 2010\Projects\The Saiyan Project\src\Release_LTCG\The Saiyan Project.write.1.tlog
C:\Users\S7Clutch\Documents\Visual Studio 2010\Projects\The Saiyan Project\src\Release_LTCG\The Saiyan Project.xdb
C:\Users\S7Clutch\Documents\Visual Studio 2010\Projects\The Saiyan Project\src\Release_LTCG\The Saiyan Project.xex
C:\USERS\S7CLUTCH\DOCUMENTS\VISUAL STUDIO 2010\PROJECTS\THE SAIYAN PROJECT\SRC\RELEASE_LTCG\TOOLS.ASM
C:\USERS\S7CLUTCH\DOCUMENTS\VISUAL STUDIO 2010\PROJECTS\THE SAIYAN PROJECT\SRC\RELEASE_LTCG\TOOLS.OBJ
C:\USERS\S7CLUTCH\DOCUMENTS\VISUAL STUDIO 2010\PROJECTS\THE SAIYAN PROJECT\SRC\RELEASE_LTCG\VC100.PDB
